INFO [2022-04-20 15:11:40] $x
INFO [2022-04-20 15:11:40] list(risk_level_3, risk_level_4, risk_level_5)
INFO [2022-04-20 15:11:40] 
INFO [2022-04-20 15:11:40] $category.names
INFO [2022-04-20 15:11:40] c("Level 3", "Level 4", "Level 5")
INFO [2022-04-20 15:11:40] 
INFO [2022-04-20 15:11:40] $filename
INFO [2022-04-20 15:11:40] [1] "figure/risk_levels.png"
INFO [2022-04-20 15:11:40] 
INFO [2022-04-20 15:11:40] $output
INFO [2022-04-20 15:11:40] [1] TRUE
INFO [2022-04-20 15:11:40] 
INFO [2022-04-20 15:11:40] $imagetype
INFO [2022-04-20 15:11:40] [1] "png"
INFO [2022-04-20 15:11:40] 
INFO [2022-04-20 15:11:40] $height
INFO [2022-04-20 15:11:40] [1] 480
INFO [2022-04-20 15:11:40] 
INFO [2022-04-20 15:11:40] $width
INFO [2022-04-20 15:11:40] [1] 480
INFO [2022-04-20 15:11:40] 
INFO [2022-04-20 15:11:40] $resolution
INFO [2022-04-20 15:11:40] [1] 300
INFO [2022-04-20 15:11:40] 
INFO [2022-04-20 15:11:40] $compression
INFO [2022-04-20 15:11:40] [1] "lzw"
INFO [2022-04-20 15:11:40] 
INFO [2022-04-20 15:11:40] $lwd
INFO [2022-04-20 15:11:40] [1] 1
INFO [2022-04-20 15:11:40] 
INFO [2022-04-20 15:11:40] $col
INFO [2022-04-20 15:11:40] c("#440154ff", "#21908dff", "#fde725ff")
INFO [2022-04-20 15:11:40] 
INFO [2022-04-20 15:11:40] $fill
INFO [2022-04-20 15:11:40] c(alpha("#440154ff", 0.3), alpha("#21908dff", 0.3), alpha("#fde725ff", 
INFO [2022-04-20 15:11:40]     0.3))
INFO [2022-04-20 15:11:40] 
INFO [2022-04-20 15:11:40] $cex
INFO [2022-04-20 15:11:40] [1] 0.6
INFO [2022-04-20 15:11:40] 
INFO [2022-04-20 15:11:40] $fontface
INFO [2022-04-20 15:11:40] [1] "bold"
INFO [2022-04-20 15:11:40] 
INFO [2022-04-20 15:11:40] $fontfamily
INFO [2022-04-20 15:11:40] [1] "sans"
INFO [2022-04-20 15:11:40] 
INFO [2022-04-20 15:11:40] $cat.cex
INFO [2022-04-20 15:11:40] [1] 0.6
INFO [2022-04-20 15:11:40] 
INFO [2022-04-20 15:11:40] $cat.fontface
INFO [2022-04-20 15:11:40] [1] "plain"
INFO [2022-04-20 15:11:40] 
INFO [2022-04-20 15:11:40] $cat.default.pos
INFO [2022-04-20 15:11:40] [1] "outer"
INFO [2022-04-20 15:11:40] 
INFO [2022-04-20 15:11:40] $cat.pos
INFO [2022-04-20 15:11:40] c(-27, 27, 135)
INFO [2022-04-20 15:11:40] 
INFO [2022-04-20 15:11:40] $cat.dist
INFO [2022-04-20 15:11:40] c(0.055, 0.055, 0.085)
INFO [2022-04-20 15:11:40] 
INFO [2022-04-20 15:11:40] $cat.fontfamily
INFO [2022-04-20 15:11:40] [1] "sans"
INFO [2022-04-20 15:11:40] 
INFO [2022-04-20 15:11:40] $rotation
INFO [2022-04-20 15:11:40] [1] 1
INFO [2022-04-20 15:11:40] 
