INFO [2021-06-15 12:09:54] $x
INFO [2021-06-15 12:09:54] list(risk_level_3, risk_level_4, risk_level_5)
INFO [2021-06-15 12:09:54] 
INFO [2021-06-15 12:09:54] $category.names
INFO [2021-06-15 12:09:54] c("Level 3", "Level 4", "Level 5")
INFO [2021-06-15 12:09:54] 
INFO [2021-06-15 12:09:54] $filename
INFO [2021-06-15 12:09:54] [1] "figure/risk_levels.png"
INFO [2021-06-15 12:09:54] 
INFO [2021-06-15 12:09:54] $output
INFO [2021-06-15 12:09:54] [1] TRUE
INFO [2021-06-15 12:09:54] 
INFO [2021-06-15 12:09:54] $imagetype
INFO [2021-06-15 12:09:54] [1] "png"
INFO [2021-06-15 12:09:54] 
INFO [2021-06-15 12:09:54] $height
INFO [2021-06-15 12:09:54] [1] 480
INFO [2021-06-15 12:09:54] 
INFO [2021-06-15 12:09:54] $width
INFO [2021-06-15 12:09:54] [1] 480
INFO [2021-06-15 12:09:54] 
INFO [2021-06-15 12:09:54] $resolution
INFO [2021-06-15 12:09:54] [1] 300
INFO [2021-06-15 12:09:54] 
INFO [2021-06-15 12:09:54] $compression
INFO [2021-06-15 12:09:54] [1] "lzw"
INFO [2021-06-15 12:09:54] 
INFO [2021-06-15 12:09:54] $lwd
INFO [2021-06-15 12:09:54] [1] 1
INFO [2021-06-15 12:09:54] 
INFO [2021-06-15 12:09:54] $col
INFO [2021-06-15 12:09:54] c("#440154ff", "#21908dff", "#fde725ff")
INFO [2021-06-15 12:09:54] 
INFO [2021-06-15 12:09:54] $fill
INFO [2021-06-15 12:09:54] c(alpha("#440154ff", 0.3), alpha("#21908dff", 0.3), alpha("#fde725ff", 
INFO [2021-06-15 12:09:54]     0.3))
INFO [2021-06-15 12:09:54] 
INFO [2021-06-15 12:09:54] $cex
INFO [2021-06-15 12:09:54] [1] 0.6
INFO [2021-06-15 12:09:54] 
INFO [2021-06-15 12:09:54] $fontface
INFO [2021-06-15 12:09:54] [1] "bold"
INFO [2021-06-15 12:09:54] 
INFO [2021-06-15 12:09:54] $fontfamily
INFO [2021-06-15 12:09:54] [1] "sans"
INFO [2021-06-15 12:09:54] 
INFO [2021-06-15 12:09:54] $cat.cex
INFO [2021-06-15 12:09:54] [1] 0.6
INFO [2021-06-15 12:09:54] 
INFO [2021-06-15 12:09:54] $cat.fontface
INFO [2021-06-15 12:09:54] [1] "plain"
INFO [2021-06-15 12:09:54] 
INFO [2021-06-15 12:09:54] $cat.default.pos
INFO [2021-06-15 12:09:54] [1] "outer"
INFO [2021-06-15 12:09:54] 
INFO [2021-06-15 12:09:54] $cat.pos
INFO [2021-06-15 12:09:54] c(-27, 27, 135)
INFO [2021-06-15 12:09:54] 
INFO [2021-06-15 12:09:54] $cat.dist
INFO [2021-06-15 12:09:54] c(0.055, 0.055, 0.085)
INFO [2021-06-15 12:09:54] 
INFO [2021-06-15 12:09:54] $cat.fontfamily
INFO [2021-06-15 12:09:54] [1] "sans"
INFO [2021-06-15 12:09:54] 
INFO [2021-06-15 12:09:54] $rotation
INFO [2021-06-15 12:09:54] [1] 1
INFO [2021-06-15 12:09:54] 
