INFO [2021-06-15 12:00:04] $x
INFO [2021-06-15 12:00:04] list(risk_level_3, risk_level_4, risk_level_5)
INFO [2021-06-15 12:00:04] 
INFO [2021-06-15 12:00:04] $category.names
INFO [2021-06-15 12:00:04] c("Level 3", "Level 4", "Level 5")
INFO [2021-06-15 12:00:04] 
INFO [2021-06-15 12:00:04] $filename
INFO [2021-06-15 12:00:04] [1] "figure/risk_levels.png"
INFO [2021-06-15 12:00:04] 
INFO [2021-06-15 12:00:04] $output
INFO [2021-06-15 12:00:04] [1] TRUE
INFO [2021-06-15 12:00:04] 
INFO [2021-06-15 12:00:04] $imagetype
INFO [2021-06-15 12:00:04] [1] "png"
INFO [2021-06-15 12:00:04] 
INFO [2021-06-15 12:00:04] $height
INFO [2021-06-15 12:00:04] [1] 480
INFO [2021-06-15 12:00:04] 
INFO [2021-06-15 12:00:04] $width
INFO [2021-06-15 12:00:04] [1] 480
INFO [2021-06-15 12:00:04] 
INFO [2021-06-15 12:00:04] $resolution
INFO [2021-06-15 12:00:04] [1] 300
INFO [2021-06-15 12:00:04] 
INFO [2021-06-15 12:00:04] $compression
INFO [2021-06-15 12:00:04] [1] "lzw"
INFO [2021-06-15 12:00:04] 
INFO [2021-06-15 12:00:04] $lwd
INFO [2021-06-15 12:00:04] [1] 1
INFO [2021-06-15 12:00:04] 
INFO [2021-06-15 12:00:04] $col
INFO [2021-06-15 12:00:04] c("#440154ff", "#21908dff", "#fde725ff")
INFO [2021-06-15 12:00:04] 
INFO [2021-06-15 12:00:04] $fill
INFO [2021-06-15 12:00:04] c(alpha("#440154ff", 0.3), alpha("#21908dff", 0.3), alpha("#fde725ff", 
INFO [2021-06-15 12:00:04]     0.3))
INFO [2021-06-15 12:00:04] 
INFO [2021-06-15 12:00:04] $cex
INFO [2021-06-15 12:00:04] [1] 0.6
INFO [2021-06-15 12:00:04] 
INFO [2021-06-15 12:00:04] $fontface
INFO [2021-06-15 12:00:04] [1] "bold"
INFO [2021-06-15 12:00:04] 
INFO [2021-06-15 12:00:04] $fontfamily
INFO [2021-06-15 12:00:04] [1] "sans"
INFO [2021-06-15 12:00:04] 
INFO [2021-06-15 12:00:04] $cat.cex
INFO [2021-06-15 12:00:04] [1] 0.6
INFO [2021-06-15 12:00:04] 
INFO [2021-06-15 12:00:04] $cat.fontface
INFO [2021-06-15 12:00:04] [1] "plain"
INFO [2021-06-15 12:00:04] 
INFO [2021-06-15 12:00:04] $cat.default.pos
INFO [2021-06-15 12:00:04] [1] "outer"
INFO [2021-06-15 12:00:04] 
INFO [2021-06-15 12:00:04] $cat.pos
INFO [2021-06-15 12:00:04] c(-27, 27, 135)
INFO [2021-06-15 12:00:04] 
INFO [2021-06-15 12:00:04] $cat.dist
INFO [2021-06-15 12:00:04] c(0.055, 0.055, 0.085)
INFO [2021-06-15 12:00:04] 
INFO [2021-06-15 12:00:04] $cat.fontfamily
INFO [2021-06-15 12:00:04] [1] "sans"
INFO [2021-06-15 12:00:04] 
INFO [2021-06-15 12:00:04] $rotation
INFO [2021-06-15 12:00:04] [1] 1
INFO [2021-06-15 12:00:04] 
