INFO [2022-04-20 15:26:38] $x
INFO [2022-04-20 15:26:38] list(risk_level_3, risk_level_4, risk_level_5)
INFO [2022-04-20 15:26:38] 
INFO [2022-04-20 15:26:38] $category.names
INFO [2022-04-20 15:26:38] c("Level 3", "Level 4", "Level 5")
INFO [2022-04-20 15:26:38] 
INFO [2022-04-20 15:26:38] $filename
INFO [2022-04-20 15:26:38] [1] "figure/risk_levels.png"
INFO [2022-04-20 15:26:38] 
INFO [2022-04-20 15:26:38] $output
INFO [2022-04-20 15:26:38] [1] TRUE
INFO [2022-04-20 15:26:38] 
INFO [2022-04-20 15:26:38] $imagetype
INFO [2022-04-20 15:26:38] [1] "png"
INFO [2022-04-20 15:26:38] 
INFO [2022-04-20 15:26:38] $height
INFO [2022-04-20 15:26:38] [1] 480
INFO [2022-04-20 15:26:38] 
INFO [2022-04-20 15:26:38] $width
INFO [2022-04-20 15:26:38] [1] 480
INFO [2022-04-20 15:26:38] 
INFO [2022-04-20 15:26:38] $resolution
INFO [2022-04-20 15:26:38] [1] 300
INFO [2022-04-20 15:26:38] 
INFO [2022-04-20 15:26:38] $compression
INFO [2022-04-20 15:26:38] [1] "lzw"
INFO [2022-04-20 15:26:38] 
INFO [2022-04-20 15:26:38] $lwd
INFO [2022-04-20 15:26:38] [1] 1
INFO [2022-04-20 15:26:38] 
INFO [2022-04-20 15:26:38] $col
INFO [2022-04-20 15:26:38] c("#440154ff", "#21908dff", "#fde725ff")
INFO [2022-04-20 15:26:38] 
INFO [2022-04-20 15:26:38] $fill
INFO [2022-04-20 15:26:38] c(alpha("#440154ff", 0.3), alpha("#21908dff", 0.3), alpha("#fde725ff", 
INFO [2022-04-20 15:26:38]     0.3))
INFO [2022-04-20 15:26:38] 
INFO [2022-04-20 15:26:38] $cex
INFO [2022-04-20 15:26:38] [1] 0.6
INFO [2022-04-20 15:26:38] 
INFO [2022-04-20 15:26:38] $fontface
INFO [2022-04-20 15:26:38] [1] "bold"
INFO [2022-04-20 15:26:38] 
INFO [2022-04-20 15:26:38] $fontfamily
INFO [2022-04-20 15:26:38] [1] "sans"
INFO [2022-04-20 15:26:38] 
INFO [2022-04-20 15:26:38] $cat.cex
INFO [2022-04-20 15:26:38] [1] 0.6
INFO [2022-04-20 15:26:38] 
INFO [2022-04-20 15:26:38] $cat.fontface
INFO [2022-04-20 15:26:38] [1] "plain"
INFO [2022-04-20 15:26:38] 
INFO [2022-04-20 15:26:38] $cat.default.pos
INFO [2022-04-20 15:26:38] [1] "outer"
INFO [2022-04-20 15:26:38] 
INFO [2022-04-20 15:26:38] $cat.pos
INFO [2022-04-20 15:26:38] c(-27, 27, 135)
INFO [2022-04-20 15:26:38] 
INFO [2022-04-20 15:26:38] $cat.dist
INFO [2022-04-20 15:26:38] c(0.055, 0.055, 0.085)
INFO [2022-04-20 15:26:38] 
INFO [2022-04-20 15:26:38] $cat.fontfamily
INFO [2022-04-20 15:26:38] [1] "sans"
INFO [2022-04-20 15:26:38] 
INFO [2022-04-20 15:26:38] $rotation
INFO [2022-04-20 15:26:38] [1] 1
INFO [2022-04-20 15:26:38] 
