INFO [2021-06-15 11:53:59] $x
INFO [2021-06-15 11:53:59] list(risk_level_3, risk_level_4, risk_level_5)
INFO [2021-06-15 11:53:59] 
INFO [2021-06-15 11:53:59] $category.names
INFO [2021-06-15 11:53:59] c("Level 3", "Level 4", "Level 5")
INFO [2021-06-15 11:53:59] 
INFO [2021-06-15 11:53:59] $filename
INFO [2021-06-15 11:53:59] [1] "figure/risk_levels.png"
INFO [2021-06-15 11:53:59] 
INFO [2021-06-15 11:53:59] $output
INFO [2021-06-15 11:53:59] [1] TRUE
INFO [2021-06-15 11:53:59] 
INFO [2021-06-15 11:53:59] $imagetype
INFO [2021-06-15 11:53:59] [1] "png"
INFO [2021-06-15 11:53:59] 
INFO [2021-06-15 11:53:59] $height
INFO [2021-06-15 11:53:59] [1] 480
INFO [2021-06-15 11:53:59] 
INFO [2021-06-15 11:53:59] $width
INFO [2021-06-15 11:53:59] [1] 480
INFO [2021-06-15 11:53:59] 
INFO [2021-06-15 11:53:59] $resolution
INFO [2021-06-15 11:53:59] [1] 300
INFO [2021-06-15 11:53:59] 
INFO [2021-06-15 11:53:59] $compression
INFO [2021-06-15 11:53:59] [1] "lzw"
INFO [2021-06-15 11:53:59] 
INFO [2021-06-15 11:53:59] $lwd
INFO [2021-06-15 11:53:59] [1] 1
INFO [2021-06-15 11:53:59] 
INFO [2021-06-15 11:53:59] $col
INFO [2021-06-15 11:53:59] c("#440154ff", "#21908dff", "#fde725ff")
INFO [2021-06-15 11:53:59] 
INFO [2021-06-15 11:53:59] $fill
INFO [2021-06-15 11:53:59] c(alpha("#440154ff", 0.3), alpha("#21908dff", 0.3), alpha("#fde725ff", 
INFO [2021-06-15 11:53:59]     0.3))
INFO [2021-06-15 11:53:59] 
INFO [2021-06-15 11:53:59] $cex
INFO [2021-06-15 11:53:59] [1] 0.6
INFO [2021-06-15 11:53:59] 
INFO [2021-06-15 11:53:59] $fontface
INFO [2021-06-15 11:53:59] [1] "bold"
INFO [2021-06-15 11:53:59] 
INFO [2021-06-15 11:53:59] $fontfamily
INFO [2021-06-15 11:53:59] [1] "sans"
INFO [2021-06-15 11:53:59] 
INFO [2021-06-15 11:53:59] $cat.cex
INFO [2021-06-15 11:53:59] [1] 0.6
INFO [2021-06-15 11:53:59] 
INFO [2021-06-15 11:53:59] $cat.fontface
INFO [2021-06-15 11:53:59] [1] "plain"
INFO [2021-06-15 11:53:59] 
INFO [2021-06-15 11:53:59] $cat.default.pos
INFO [2021-06-15 11:53:59] [1] "outer"
INFO [2021-06-15 11:53:59] 
INFO [2021-06-15 11:53:59] $cat.pos
INFO [2021-06-15 11:53:59] c(-27, 27, 135)
INFO [2021-06-15 11:53:59] 
INFO [2021-06-15 11:53:59] $cat.dist
INFO [2021-06-15 11:53:59] c(0.055, 0.055, 0.085)
INFO [2021-06-15 11:53:59] 
INFO [2021-06-15 11:53:59] $cat.fontfamily
INFO [2021-06-15 11:53:59] [1] "sans"
INFO [2021-06-15 11:53:59] 
INFO [2021-06-15 11:53:59] $rotation
INFO [2021-06-15 11:53:59] [1] 1
INFO [2021-06-15 11:53:59] 
