INFO [2022-04-20 14:37:16] $x
INFO [2022-04-20 14:37:16] list(risk_level_3, risk_level_4, risk_level_5)
INFO [2022-04-20 14:37:16] 
INFO [2022-04-20 14:37:16] $category.names
INFO [2022-04-20 14:37:16] c("Level 3", "Level 4", "Level 5")
INFO [2022-04-20 14:37:16] 
INFO [2022-04-20 14:37:16] $filename
INFO [2022-04-20 14:37:16] [1] "figure/risk_levels.png"
INFO [2022-04-20 14:37:16] 
INFO [2022-04-20 14:37:16] $output
INFO [2022-04-20 14:37:16] [1] TRUE
INFO [2022-04-20 14:37:16] 
INFO [2022-04-20 14:37:16] $imagetype
INFO [2022-04-20 14:37:16] [1] "png"
INFO [2022-04-20 14:37:16] 
INFO [2022-04-20 14:37:16] $height
INFO [2022-04-20 14:37:16] [1] 480
INFO [2022-04-20 14:37:16] 
INFO [2022-04-20 14:37:16] $width
INFO [2022-04-20 14:37:16] [1] 480
INFO [2022-04-20 14:37:16] 
INFO [2022-04-20 14:37:16] $resolution
INFO [2022-04-20 14:37:16] [1] 300
INFO [2022-04-20 14:37:16] 
INFO [2022-04-20 14:37:16] $compression
INFO [2022-04-20 14:37:16] [1] "lzw"
INFO [2022-04-20 14:37:16] 
INFO [2022-04-20 14:37:16] $lwd
INFO [2022-04-20 14:37:16] [1] 1
INFO [2022-04-20 14:37:16] 
INFO [2022-04-20 14:37:16] $col
INFO [2022-04-20 14:37:16] c("#440154ff", "#21908dff", "#fde725ff")
INFO [2022-04-20 14:37:16] 
INFO [2022-04-20 14:37:16] $fill
INFO [2022-04-20 14:37:16] c(alpha("#440154ff", 0.3), alpha("#21908dff", 0.3), alpha("#fde725ff", 
INFO [2022-04-20 14:37:16]     0.3))
INFO [2022-04-20 14:37:16] 
INFO [2022-04-20 14:37:16] $cex
INFO [2022-04-20 14:37:16] [1] 0.6
INFO [2022-04-20 14:37:16] 
INFO [2022-04-20 14:37:16] $fontface
INFO [2022-04-20 14:37:16] [1] "bold"
INFO [2022-04-20 14:37:16] 
INFO [2022-04-20 14:37:16] $fontfamily
INFO [2022-04-20 14:37:16] [1] "sans"
INFO [2022-04-20 14:37:16] 
INFO [2022-04-20 14:37:16] $cat.cex
INFO [2022-04-20 14:37:16] [1] 0.6
INFO [2022-04-20 14:37:16] 
INFO [2022-04-20 14:37:16] $cat.fontface
INFO [2022-04-20 14:37:16] [1] "plain"
INFO [2022-04-20 14:37:16] 
INFO [2022-04-20 14:37:16] $cat.default.pos
INFO [2022-04-20 14:37:16] [1] "outer"
INFO [2022-04-20 14:37:16] 
INFO [2022-04-20 14:37:16] $cat.pos
INFO [2022-04-20 14:37:16] c(-27, 27, 135)
INFO [2022-04-20 14:37:16] 
INFO [2022-04-20 14:37:16] $cat.dist
INFO [2022-04-20 14:37:16] c(0.055, 0.055, 0.085)
INFO [2022-04-20 14:37:16] 
INFO [2022-04-20 14:37:16] $cat.fontfamily
INFO [2022-04-20 14:37:16] [1] "sans"
INFO [2022-04-20 14:37:16] 
INFO [2022-04-20 14:37:16] $rotation
INFO [2022-04-20 14:37:16] [1] 1
INFO [2022-04-20 14:37:16] 
